<?xml version="1.0" encoding="UTF-8"?>
<robot generator="Robot 3.2.2 (Python 3.9.1 on win32)" generated="20210210 10:27:28.368" rpa="false">
<suite id="s1" name="BuscarProdutosBDD" source="C:\Users\juliana.venancio\Desktop\Robot-Treinamento\tests\BuscarProdutosBDD.robot">
<test id="s1-t1" name="Cenário 03: Adicionar Produtos ao carrinho e finalizar compra">
<kw name="Abrir navegador" library="resource" type="setup">
<kw name="Open Browser" library="SeleniumLibrary">
<doc>Opens a new browser instance to the optional ``url``.</doc>
<arguments>
<arg>about:blank</arg>
<arg>${BROWSER}</arg>
</arguments>
<msg timestamp="20210210 10:27:28.629" level="INFO">Opening browser 'chrome' to base url 'about:blank'.</msg>
<status status="PASS" starttime="20210210 10:27:28.627" endtime="20210210 10:27:29.812"></status>
</kw>
<kw name="Maximize Browser Window" library="SeleniumLibrary">
<doc>Maximizes current browser window.</doc>
<status status="PASS" starttime="20210210 10:27:29.813" endtime="20210210 10:27:29.934"></status>
</kw>
<status status="PASS" starttime="20210210 10:27:28.626" endtime="20210210 10:27:29.934"></status>
</kw>
<kw name="Dado que foi exibida a página home do site">
<kw name="Acessar a página home do site" library="resource">
<kw name="Go To" library="SeleniumLibrary">
<doc>Navigates the current browser window to the provided ``url``.</doc>
<arguments>
<arg>http://automationpractice.com</arg>
</arguments>
<msg timestamp="20210210 10:27:29.939" level="INFO">Opening url 'http://automationpractice.com'</msg>
<status status="PASS" starttime="20210210 10:27:29.939" endtime="20210210 10:27:30.956"></status>
</kw>
<kw name="Title Should Be" library="SeleniumLibrary">
<doc>Verifies that the current page title equals ``title``.</doc>
<arguments>
<arg>My Store</arg>
</arguments>
<kw name="Capture Page Screenshot" library="SeleniumLibrary">
<doc>Takes a screenshot of the current page and embeds it into a log file.</doc>
<msg timestamp="20210210 10:27:31.400" level="INFO" html="yes">&lt;/td&gt;&lt;/tr&gt;&lt;tr&gt;&lt;td colspan="3"&gt;&lt;a href="selenium-screenshot-5.png"&gt;&lt;img src="selenium-screenshot-5.png" width="800px"&gt;&lt;/a&gt;</msg>
<status status="PASS" starttime="20210210 10:27:30.969" endtime="20210210 10:27:31.400"></status>
</kw>
<msg timestamp="20210210 10:27:31.440" level="FAIL">Title should have been 'My Store' but was '508 Resource Limit Is Reached'.</msg>
<status status="FAIL" starttime="20210210 10:27:30.956" endtime="20210210 10:27:31.440"></status>
</kw>
<status status="FAIL" starttime="20210210 10:27:29.938" endtime="20210210 10:27:31.440"></status>
</kw>
<status status="FAIL" starttime="20210210 10:27:29.936" endtime="20210210 10:27:31.441"></status>
</kw>
<status status="FAIL" starttime="20210210 10:27:28.624" endtime="20210210 10:27:31.442" critical="yes">Title should have been 'My Store' but was '508 Resource Limit Is Reached'.</status>
</test>
<status status="FAIL" starttime="20210210 10:27:28.369" endtime="20210210 10:27:31.447"></status>
</suite>
<statistics>
<total>
<stat pass="0" fail="1">Critical Tests</stat>
<stat pass="0" fail="1">All Tests</stat>
</total>
<tag>
</tag>
<suite>
<stat pass="0" fail="1" id="s1" name="BuscarProdutosBDD">BuscarProdutosBDD</stat>
</suite>
</statistics>
<errors>
</errors>
</robot>
