<?xml version="1.0" encoding="UTF-8"?>
<robot generator="Robot 3.2.2 (Python 3.9.0 on win32)" generated="20210207 22:41:38.007" rpa="false">
<suite id="s1" name="TestSitePracticeBDD" source="D:\Robot-Abastece-Aí\tests\TestSitePracticeBDD.robot">
<test id="s1-t1" name="Cenário 01: Pesquisar produto existente">
<kw name="Abrir navegador" library="resource" type="setup">
<kw name="Open Browser" library="SeleniumLibrary">
<doc>Opens a new browser instance to the optional ``url``.</doc>
<arguments>
<arg>about:blank</arg>
<arg>${BROWSER}</arg>
</arguments>
<msg timestamp="20210207 22:41:38.282" level="INFO">Opening browser 'chrome' to base url 'about:blank'.</msg>
<status status="PASS" starttime="20210207 22:41:38.281" endtime="20210207 22:41:39.641"></status>
</kw>
<status status="PASS" starttime="20210207 22:41:38.280" endtime="20210207 22:41:39.642"></status>
</kw>
<kw name="Dado que estou na página home do site">
<kw name="Acessar a página home do site" library="resource">
<kw name="Go To" library="SeleniumLibrary">
<doc>Navigates the current browser window to the provided ``url``.</doc>
<arguments>
<arg>http://automationpractice.com</arg>
</arguments>
<msg timestamp="20210207 22:41:39.646" level="INFO">Opening url 'http://automationpractice.com'</msg>
<status status="PASS" starttime="20210207 22:41:39.645" endtime="20210207 22:41:47.621"></status>
</kw>
<kw name="Title Should Be" library="SeleniumLibrary">
<doc>Verifies that the current page title equals ``title``.</doc>
<arguments>
<arg>My Store</arg>
</arguments>
<msg timestamp="20210207 22:41:47.633" level="INFO">Page title is 'My Store'.</msg>
<status status="PASS" starttime="20210207 22:41:47.622" endtime="20210207 22:41:47.633"></status>
</kw>
<status status="PASS" starttime="20210207 22:41:39.643" endtime="20210207 22:41:47.633"></status>
</kw>
<status status="PASS" starttime="20210207 22:41:39.643" endtime="20210207 22:41:47.634"></status>
</kw>
<kw name="Quando eu pesquisar pelo produto &quot;Blouse&quot;">
<kw name="Digitar o nome do produto &quot;${PRODUCT}&quot; no campo de pesquisa" library="resource">
<kw name="Input Text" library="SeleniumLibrary">
<doc>Types the given ``text`` into the text field identified by ``locator``.</doc>
<arguments>
<arg>name=search_query</arg>
<arg>${PRODUCT}</arg>
</arguments>
<msg timestamp="20210207 22:41:47.636" level="INFO">Typing text 'Blouse' into text field 'name=search_query'.</msg>
<status status="PASS" starttime="20210207 22:41:47.636" endtime="20210207 22:41:47.773"></status>
</kw>
<status status="PASS" starttime="20210207 22:41:47.635" endtime="20210207 22:41:47.773"></status>
</kw>
<kw name="Clicar no botão pesquisar" library="resource">
<kw name="Click Element" library="SeleniumLibrary">
<doc>Click the element identified by ``locator``.</doc>
<arguments>
<arg>name=submit_search</arg>
</arguments>
<msg timestamp="20210207 22:41:47.774" level="INFO">Clicking element 'name=submit_search'.</msg>
<status status="PASS" starttime="20210207 22:41:47.773" endtime="20210207 22:41:49.850"></status>
</kw>
<status status="PASS" starttime="20210207 22:41:47.773" endtime="20210207 22:41:49.850"></status>
</kw>
<status status="PASS" starttime="20210207 22:41:47.634" endtime="20210207 22:41:49.850"></status>
</kw>
<kw name="Então o produto &quot;Blouse&quot; deve ser listado na página de resultado da busca">
<kw name="Conferir se o produto &quot;${PRODUCT}&quot; foi listado no site" library="resource">
<kw name="Wait Until Element Is Visible" library="SeleniumLibrary">
<doc>Waits until the element ``locator`` is visible.</doc>
<arguments>
<arg>css=#center_column &gt; h1</arg>
</arguments>
<status status="PASS" starttime="20210207 22:41:49.855" endtime="20210207 22:41:49.892"></status>
</kw>
<kw name="Title Should Be" library="SeleniumLibrary">
<doc>Verifies that the current page title equals ``title``.</doc>
<arguments>
<arg>Search - My Store</arg>
</arguments>
<msg timestamp="20210207 22:41:49.899" level="INFO">Page title is 'Search - My Store'.</msg>
<status status="PASS" starttime="20210207 22:41:49.892" endtime="20210207 22:41:49.899"></status>
</kw>
<kw name="Page Should Contain Image" library="SeleniumLibrary">
<doc>Verifies image identified by ``locator`` is found from current page.</doc>
<arguments>
<arg>xpath=//*[@id="center_column"]/ul/li/div/div//*[@src="http://automationpractice.com/img/p/7/7-home_default.jpg"]</arg>
</arguments>
<msg timestamp="20210207 22:41:49.922" level="INFO">Current page contains image 'xpath=//*[@id="center_column"]/ul/li/div/div//*[@src="http://automationpractice.com/img/p/7/7-home_default.jpg"]'.</msg>
<status status="PASS" starttime="20210207 22:41:49.899" endtime="20210207 22:41:49.922"></status>
</kw>
<kw name="Page Should Contain Link" library="SeleniumLibrary">
<doc>Verifies link identified by ``locator`` is found from current page.</doc>
<arguments>
<arg>xpath=//*[@id="center_column"]//a[@class="product-name"][contains(text(), "${PRODUCT}")]</arg>
</arguments>
<msg timestamp="20210207 22:41:49.941" level="INFO">Current page contains link 'xpath=//*[@id="center_column"]//a[@class="product-name"][contains(text(), "Blouse")]'.</msg>
<status status="PASS" starttime="20210207 22:41:49.922" endtime="20210207 22:41:49.941"></status>
</kw>
<status status="PASS" starttime="20210207 22:41:49.854" endtime="20210207 22:41:49.941"></status>
</kw>
<status status="PASS" starttime="20210207 22:41:49.854" endtime="20210207 22:41:49.941"></status>
</kw>
<kw name="Fechar navegador" library="resource" type="teardown">
<kw name="Close Browser" library="SeleniumLibrary">
<doc>Closes the current browser.</doc>
<status status="PASS" starttime="20210207 22:41:49.945" endtime="20210207 22:41:52.167"></status>
</kw>
<status status="PASS" starttime="20210207 22:41:49.943" endtime="20210207 22:41:52.167"></status>
</kw>
<status status="PASS" starttime="20210207 22:41:38.278" endtime="20210207 22:41:52.168" critical="yes"></status>
</test>
<test id="s1-t2" name="Cenário 02: Pesquisar produto não existente">
<kw name="Abrir navegador" library="resource" type="setup">
<kw name="Open Browser" library="SeleniumLibrary">
<doc>Opens a new browser instance to the optional ``url``.</doc>
<arguments>
<arg>about:blank</arg>
<arg>${BROWSER}</arg>
</arguments>
<msg timestamp="20210207 22:41:52.171" level="INFO">Opening browser 'chrome' to base url 'about:blank'.</msg>
<status status="PASS" starttime="20210207 22:41:52.171" endtime="20210207 22:41:53.489"></status>
</kw>
<status status="PASS" starttime="20210207 22:41:52.170" endtime="20210207 22:41:53.489"></status>
</kw>
<kw name="Dado que estou na página home do site">
<kw name="Acessar a página home do site" library="resource">
<kw name="Go To" library="SeleniumLibrary">
<doc>Navigates the current browser window to the provided ``url``.</doc>
<arguments>
<arg>http://automationpractice.com</arg>
</arguments>
<msg timestamp="20210207 22:41:53.491" level="INFO">Opening url 'http://automationpractice.com'</msg>
<status status="PASS" starttime="20210207 22:41:53.491" endtime="20210207 22:41:58.946"></status>
</kw>
<kw name="Title Should Be" library="SeleniumLibrary">
<doc>Verifies that the current page title equals ``title``.</doc>
<arguments>
<arg>My Store</arg>
</arguments>
<msg timestamp="20210207 22:41:58.953" level="INFO">Page title is 'My Store'.</msg>
<status status="PASS" starttime="20210207 22:41:58.946" endtime="20210207 22:41:58.953"></status>
</kw>
<status status="PASS" starttime="20210207 22:41:53.490" endtime="20210207 22:41:58.953"></status>
</kw>
<status status="PASS" starttime="20210207 22:41:53.490" endtime="20210207 22:41:58.953"></status>
</kw>
<kw name="Quando eu pesquisar pelo produto &quot;itemdesconhecido&quot;">
<kw name="Digitar o nome do produto &quot;${PRODUCT}&quot; no campo de pesquisa" library="resource">
<kw name="Input Text" library="SeleniumLibrary">
<doc>Types the given ``text`` into the text field identified by ``locator``.</doc>
<arguments>
<arg>name=search_query</arg>
<arg>${PRODUCT}</arg>
</arguments>
<msg timestamp="20210207 22:41:58.956" level="INFO">Typing text 'itemdesconhecido' into text field 'name=search_query'.</msg>
<status status="PASS" starttime="20210207 22:41:58.955" endtime="20210207 22:41:59.187"></status>
</kw>
<status status="PASS" starttime="20210207 22:41:58.955" endtime="20210207 22:41:59.187"></status>
</kw>
<kw name="Clicar no botão pesquisar" library="resource">
<kw name="Click Element" library="SeleniumLibrary">
<doc>Click the element identified by ``locator``.</doc>
<arguments>
<arg>name=submit_search</arg>
</arguments>
<msg timestamp="20210207 22:41:59.189" level="INFO">Clicking element 'name=submit_search'.</msg>
<status status="PASS" starttime="20210207 22:41:59.188" endtime="20210207 22:41:59.302"></status>
</kw>
<status status="PASS" starttime="20210207 22:41:59.188" endtime="20210207 22:41:59.303"></status>
</kw>
<status status="PASS" starttime="20210207 22:41:58.954" endtime="20210207 22:41:59.303"></status>
</kw>
<kw name="Então a página deve exibir a mensagem &quot;No results were found for your search &quot;itemdesconhecido&quot;&quot;">
<kw name="Conferir mensagem de erro &quot;${MESSAGE}&quot;" library="resource">
<kw name="Wait Until Element Is Visible" library="SeleniumLibrary">
<doc>Waits until the element ``locator`` is visible.</doc>
<arguments>
<arg>xpath=//*[@id="center_column"]/p[@class='alert alert-warning']</arg>
</arguments>
<status status="PASS" starttime="20210207 22:41:59.307" endtime="20210207 22:42:00.782"></status>
</kw>
<kw name="Element Text Should Be" library="SeleniumLibrary">
<doc>Verifies that element ``locator`` contains exact the text ``expected``.</doc>
<arguments>
<arg>xpath=//*[@id="center_column"]/p[@class='alert alert-warning']</arg>
<arg>${MESSAGE}</arg>
</arguments>
<msg timestamp="20210207 22:42:00.782" level="INFO">Verifying element 'xpath=//*[@id="center_column"]/p[@class='alert alert-warning']' contains exact text 'No results were found for your search "itemdesconhecido"'.</msg>
<status status="PASS" starttime="20210207 22:42:00.782" endtime="20210207 22:42:00.801"></status>
</kw>
<status status="PASS" starttime="20210207 22:41:59.307" endtime="20210207 22:42:00.801"></status>
</kw>
<status status="PASS" starttime="20210207 22:41:59.306" endtime="20210207 22:42:00.801"></status>
</kw>
<kw name="Fechar navegador" library="resource" type="teardown">
<kw name="Close Browser" library="SeleniumLibrary">
<doc>Closes the current browser.</doc>
<status status="PASS" starttime="20210207 22:42:00.803" endtime="20210207 22:42:03.018"></status>
</kw>
<status status="PASS" starttime="20210207 22:42:00.802" endtime="20210207 22:42:03.018"></status>
</kw>
<status status="PASS" starttime="20210207 22:41:52.170" endtime="20210207 22:42:03.019" critical="yes"></status>
</test>
<status status="PASS" starttime="20210207 22:41:38.009" endtime="20210207 22:42:03.021"></status>
</suite>
<statistics>
<total>
<stat pass="2" fail="0">Critical Tests</stat>
<stat pass="2" fail="0">All Tests</stat>
</total>
<tag>
</tag>
<suite>
<stat pass="2" fail="0" id="s1" name="TestSitePracticeBDD">TestSitePracticeBDD</stat>
</suite>
</statistics>
<errors>
</errors>
</robot>
